/home/lab9-gpu/PRH/DU_Net-master/datasets/wind_noises/116312_wind_01.wav
/home/lab9-gpu/PRH/DU_Net-master/datasets/wind_noises/116312_wind_02.wav
/home/lab9-gpu/PRH/DU_Net-master/datasets/wind_noises/171440_wind_01.wav
/home/lab9-gpu/PRH/DU_Net-master/datasets/wind_noises/171440_wind_02.wav
/home/lab9-gpu/PRH/DU_Net-master/datasets/wind_noises/207443_wind_01.wav
/home/lab9-gpu/PRH/DU_Net-master/datasets/wind_noises/207443_wind_02.wav
/home/lab9-gpu/PRH/DU_Net-master/datasets/wind_noises/207444_wind_01.wav
/home/lab9-gpu/PRH/DU_Net-master/datasets/wind_noises/207444_wind_02.wav
/home/lab9-gpu/PRH/DU_Net-master/datasets/wind_noises/244807_wind_01.wav
/home/lab9-gpu/PRH/DU_Net-master/datasets/wind_noises/244807_wind_02.wav
/home/lab9-gpu/PRH/DU_Net-master/datasets/wind_noises/655010_wind_01.wav
/home/lab9-gpu/PRH/DU_Net-master/datasets/wind_noises/914430_wind_01.wav
/home/lab9-gpu/PRH/DU_Net-master/datasets/wind_noises/914430_wind_02.wav
/home/lab9-gpu/PRH/DU_Net-master/datasets/wind_noises/wind_001.wav
/home/lab9-gpu/PRH/DU_Net-master/datasets/wind_noises/wind_002.wav
/home/lab9-gpu/PRH/DU_Net-master/datasets/wind_noises/wind_003.wav
/home/lab9-gpu/PRH/DU_Net-master/datasets/wind_noises/wind_004.wav
/home/lab9-gpu/PRH/DU_Net-master/datasets/wind_noises/wind_005.wav
/home/lab9-gpu/PRH/DU_Net-master/datasets/wind_noises/wind_006.wav
/home/lab9-gpu/PRH/DU_Net-master/datasets/wind_noises/wind_007.wav
/home/lab9-gpu/PRH/DU_Net-master/datasets/wind_noises/wind_008.wav
/home/lab9-gpu/PRH/DU_Net-master/datasets/wind_noises/wind_009.wav
/home/lab9-gpu/PRH/DU_Net-master/datasets/wind_noises/wind_010.wav
/home/lab9-gpu/PRH/DU_Net-master/datasets/wind_noises/wind_noise_01.wav
/home/lab9-gpu/PRH/DU_Net-master/datasets/wind_noises/wind_noise_02.wav
/home/lab9-gpu/PRH/DU_Net-master/datasets/wind_noises/wind_noise_03.wav
/home/lab9-gpu/PRH/DU_Net-master/datasets/wind_noises/wind_noise_04.wav
/home/lab9-gpu/PRH/DU_Net-master/datasets/wind_noises/wind_noise_05.wav
/home/lab9-gpu/PRH/DU_Net-master/datasets/wind_noises/wind_noise_06.wav
/home/lab9-gpu/PRH/DU_Net-master/datasets/wind_noises/wind_noise_07.wav
/home/lab9-gpu/PRH/DU_Net-master/datasets/wind_noises/wind_noise_08.wav
/home/lab9-gpu/PRH/DU_Net-master/datasets/wind_noises/wind_noise_09.wav
/home/lab9-gpu/PRH/DU_Net-master/datasets/wind_noises/wind_noise_10.wav
/home/lab9-gpu/PRH/DU_Net-master/datasets/wind_noises/wind_noise_11.wav
/home/lab9-gpu/PRH/DU_Net-master/datasets/wind_noises/wind_noise_12.wav
/home/lab9-gpu/PRH/DU_Net-master/datasets/wind_noises/wind_noise_13.wav
/home/lab9-gpu/PRH/DU_Net-master/datasets/wind_noises/wind_noise_14.wav
/home/lab9-gpu/PRH/DU_Net-master/datasets/wind_noises/wind_noise_15.wav
/home/lab9-gpu/PRH/DU_Net-master/datasets/development_wind/clotho_audio/wind_noise_001.wav
/home/lab9-gpu/PRH/DU_Net-master/datasets/development_wind/clotho_audio/wind_noise_002.wav
/home/lab9-gpu/PRH/DU_Net-master/datasets/development_wind/clotho_audio/wind_noise_003.wav
/home/lab9-gpu/PRH/DU_Net-master/datasets/development_wind/clotho_audio/wind_noise_004.wav
/home/lab9-gpu/PRH/DU_Net-master/datasets/development_wind/clotho_audio/wind_noise_005.wav
/home/lab9-gpu/PRH/DU_Net-master/datasets/development_wind/clotho_audio/wind_noise_006.wav
/home/lab9-gpu/PRH/DU_Net-master/datasets/development_wind/clotho_audio/wind_noise_007.wav
/home/lab9-gpu/PRH/DU_Net-master/datasets/development_wind/clotho_audio/wind_noise_008.wav
/home/lab9-gpu/PRH/DU_Net-master/datasets/development_wind/clotho_audio/wind_noise_009.wav
/home/lab9-gpu/PRH/DU_Net-master/datasets/development_wind/clotho_audio/wind_noise_010.wav
/home/lab9-gpu/PRH/DU_Net-master/datasets/development_wind/clotho_audio/wind_noise_011.wav
/home/lab9-gpu/PRH/DU_Net-master/datasets/development_wind/clotho_audio/wind_noise_012.wav
/home/lab9-gpu/PRH/DU_Net-master/datasets/development_wind/clotho_audio/wind_noise_013.wav
/home/lab9-gpu/PRH/DU_Net-master/datasets/development_wind/clotho_audio/wind_noise_014.wav
/home/lab9-gpu/PRH/DU_Net-master/datasets/development_wind/clotho_audio/wind_noise_015.wav
/home/lab9-gpu/PRH/DU_Net-master/datasets/development_wind/clotho_audio/wind_noise_016.wav
/home/lab9-gpu/PRH/DU_Net-master/datasets/development_wind/clotho_audio/wind_noise_017.wav
/home/lab9-gpu/PRH/DU_Net-master/datasets/development_wind/clotho_audio/wind_noise_018.wav
/home/lab9-gpu/PRH/DU_Net-master/datasets/development_wind/clotho_audio/wind_noise_019.wav
/home/lab9-gpu/PRH/DU_Net-master/datasets/development_wind/clotho_audio/wind_noise_020.wav
/home/lab9-gpu/PRH/DU_Net-master/datasets/development_wind/clotho_audio/wind_noise_021.wav
/home/lab9-gpu/PRH/DU_Net-master/datasets/development_wind/clotho_audio/wind_noise_022.wav
/home/lab9-gpu/PRH/DU_Net-master/datasets/development_wind/clotho_audio/wind_noise_023.wav
/home/lab9-gpu/PRH/DU_Net-master/datasets/development_wind/clotho_audio/wind_noise_024.wav
/home/lab9-gpu/PRH/DU_Net-master/datasets/development_wind/clotho_audio/wind_noise_025.wav
/home/lab9-gpu/PRH/DU_Net-master/datasets/development_wind/clotho_audio/wind_noise_026.wav
/home/lab9-gpu/PRH/DU_Net-master/datasets/development_wind/clotho_audio/wind_noise_027.wav
/home/lab9-gpu/PRH/DU_Net-master/datasets/development_wind/clotho_audio/wind_noise_028.wav
/home/lab9-gpu/PRH/DU_Net-master/datasets/development_wind/clotho_audio/wind_noise_029.wav
/home/lab9-gpu/PRH/DU_Net-master/datasets/development_wind/clotho_audio/wind_noise_030.wav
/home/lab9-gpu/PRH/DU_Net-master/datasets/development_wind/clotho_audio/wind_noise_031.wav
/home/lab9-gpu/PRH/DU_Net-master/datasets/development_wind/clotho_audio/wind_noise_032.wav
/home/lab9-gpu/PRH/DU_Net-master/datasets/development_wind/clotho_audio/wind_noise_033.wav
/home/lab9-gpu/PRH/DU_Net-master/datasets/development_wind/clotho_audio/wind_noise_034.wav
/home/lab9-gpu/PRH/DU_Net-master/datasets/development_wind/clotho_audio/wind_noise_035.wav
/home/lab9-gpu/PRH/DU_Net-master/datasets/development_wind/clotho_audio/wind_noise_036.wav
/home/lab9-gpu/PRH/DU_Net-master/datasets/development_wind/clotho_audio/wind_noise_037.wav
/home/lab9-gpu/PRH/DU_Net-master/datasets/development_wind/clotho_audio/wind_noise_038.wav
/home/lab9-gpu/PRH/DU_Net-master/datasets/development_wind/clotho_audio/wind_noise_039.wav
/home/lab9-gpu/PRH/DU_Net-master/datasets/development_wind/clotho_audio/wind_noise_040.wav
/home/lab9-gpu/PRH/DU_Net-master/datasets/development_wind/clotho_audio/wind_noise_041.wav
/home/lab9-gpu/PRH/DU_Net-master/datasets/development_wind/clotho_audio/wind_noise_042.wav
/home/lab9-gpu/PRH/DU_Net-master/datasets/development_wind/clotho_audio/wind_noise_043.wav
/home/lab9-gpu/PRH/DU_Net-master/datasets/development_wind/clotho_audio/wind_noise_044.wav
/home/lab9-gpu/PRH/DU_Net-master/datasets/development_wind/clotho_audio/wind_noise_045.wav
/home/lab9-gpu/PRH/DU_Net-master/datasets/development_wind/clotho_audio/wind_noise_046.wav
/home/lab9-gpu/PRH/DU_Net-master/datasets/development_wind/clotho_audio/wind_noise_047.wav
/home/lab9-gpu/PRH/DU_Net-master/datasets/development_wind/clotho_audio/wind_noise_048.wav
/home/lab9-gpu/PRH/DU_Net-master/datasets/development_wind/clotho_audio/wind_noise_049.wav
/home/lab9-gpu/PRH/DU_Net-master/datasets/development_wind/clotho_audio/wind_noise_050.wav
/home/lab9-gpu/PRH/DU_Net-master/datasets/development_wind/clotho_audio/wind_noise_051.wav
/home/lab9-gpu/PRH/DU_Net-master/datasets/development_wind/clotho_audio/wind_noise_052.wav
/home/lab9-gpu/PRH/DU_Net-master/datasets/development_wind/clotho_audio/wind_noise_053.wav
/home/lab9-gpu/PRH/DU_Net-master/datasets/development_wind/clotho_audio/wind_noise_054.wav
/home/lab9-gpu/PRH/DU_Net-master/datasets/development_wind/clotho_audio/wind_noise_055.wav
/home/lab9-gpu/PRH/DU_Net-master/datasets/development_wind/clotho_audio/wind_noise_056.wav
/home/lab9-gpu/PRH/DU_Net-master/datasets/development_wind/clotho_audio/wind_noise_057.wav
/home/lab9-gpu/PRH/DU_Net-master/datasets/development_wind/clotho_audio/wind_noise_058.wav
/home/lab9-gpu/PRH/DU_Net-master/datasets/development_wind/clotho_audio/wind_noise_059.wav
/home/lab9-gpu/PRH/DU_Net-master/datasets/development_wind/clotho_audio/wind_noise_060.wav
/home/lab9-gpu/PRH/DU_Net-master/datasets/development_wind/clotho_audio/wind_noise_061.wav
/home/lab9-gpu/PRH/DU_Net-master/datasets/development_wind/clotho_audio/wind_noise_062.wav
/home/lab9-gpu/PRH/DU_Net-master/datasets/development_wind/clotho_audio/wind_noise_063.wav
/home/lab9-gpu/PRH/DU_Net-master/datasets/development_wind/clotho_audio/wind_noise_064.wav
/home/lab9-gpu/PRH/DU_Net-master/datasets/development_wind/clotho_audio/wind_noise_065.wav
/home/lab9-gpu/PRH/DU_Net-master/datasets/development_wind/clotho_audio/wind_noise_066.wav
/home/lab9-gpu/PRH/DU_Net-master/datasets/development_wind/clotho_audio/wind_noise_067.wav
/home/lab9-gpu/PRH/DU_Net-master/datasets/development_wind/clotho_audio/wind_noise_068.wav
/home/lab9-gpu/PRH/DU_Net-master/datasets/development_wind/clotho_audio/wind_noise_069.wav
/home/lab9-gpu/PRH/DU_Net-master/datasets/development_wind/clotho_audio/wind_noise_070.wav
/home/lab9-gpu/PRH/DU_Net-master/datasets/development_wind/outdoors/wind_normal.wav
/home/lab9-gpu/PRH/DU_Net-master/datasets/development_wind/outdoors/wind_strong.wav
/home/lab9-gpu/PRH/DU_Net-master/datasets/development_wind/audio_booth/varying_wind/mic1_10cm.wav
/home/lab9-gpu/PRH/DU_Net-master/datasets/development_wind/audio_booth/varying_wind/mic1_2cm.wav
/home/lab9-gpu/PRH/DU_Net-master/datasets/development_wind/audio_booth/varying_wind/mic2_10cm.wav
/home/lab9-gpu/PRH/DU_Net-master/datasets/development_wind/audio_booth/varying_wind/mic2_2cm.wav
/home/lab9-gpu/PRH/DU_Net-master/datasets/development_wind/audio_booth/constant_wind/mic_dist_10cm/mic1_10cm.wav
/home/lab9-gpu/PRH/DU_Net-master/datasets/development_wind/audio_booth/constant_wind/mic_dist_10cm/mic2_10cm.wav
/home/lab9-gpu/PRH/DU_Net-master/datasets/development_wind/audio_booth/constant_wind/mic_dist_2cm/mic1_2cm.wav
/home/lab9-gpu/PRH/DU_Net-master/datasets/development_wind/audio_booth/constant_wind/mic_dist_2cm/mic2_2cm.wav